<?xml version="1.0" encoding="UTF-8"?>
<!-- Generated by org.testng.reporters.JUnitReportReporter -->
<testsuite hostname="DESKTOP-R8OT5TI" failures="0" tests="1" name="mavenforjenkins.UITest" time="40.138" errors="0" timestamp="2023-08-15T16:24:00 IST" skipped="0">
  <testcase classname="mavenforjenkins.UITest" name="startBrowser" time="40.138"/>
  <system-out/>
</testsuite> <!-- mavenforjenkins.UITest -->
